0 info it worked if it ends with ok
1 verbose cli [ '/home/brandon/.nvm/versions/node/v7.4.0/bin/node',
1 verbose cli   '/home/brandon/.nvm/versions/node/v7.4.0/bin/npm',
1 verbose cli   'start' ]
2 info using npm@4.0.5
3 info using node@v7.4.0
4 verbose run-script [ 'prestart', 'start', 'poststart' ]
5 info lifecycle rockman@0.0.0~prestart: rockman@0.0.0
6 silly lifecycle rockman@0.0.0~prestart: no script for prestart, continuing
7 info lifecycle rockman@0.0.0~start: rockman@0.0.0
8 verbose lifecycle rockman@0.0.0~start: unsafe-perm in lifecycle true
9 verbose lifecycle rockman@0.0.0~start: PATH: /home/brandon/.nvm/versions/node/v7.4.0/lib/node_modules/npm/bin/node-gyp-bin:/home/brandon/semibran/rockman/node_modules/.bin:/home/brandon/.nvm/versions/node/v7.4.0/bin:/home/brandon/gopath:/home/brandon/gopath/bin:/home/brandon/bin:/home/brandon/.local/bin:/usr/local/sbin:/usr/local/bin:/usr/sbin:/usr/bin:/sbin:/bin:/usr/games:/usr/local/games:/usr/local/go/bin
10 verbose lifecycle rockman@0.0.0~start: CWD: /home/brandon/semibran/rockman
11 silly lifecycle rockman@0.0.0~start: Args: [ '-c', 'run-p serve watch' ]
12 silly lifecycle rockman@0.0.0~start: Returned: code: 1  signal: null
13 info lifecycle rockman@0.0.0~start: Failed to exec start script
14 verbose stack Error: rockman@0.0.0 start: `run-p serve watch`
14 verbose stack Exit status 1
14 verbose stack     at EventEmitter.<anonymous> (/home/brandon/.nvm/versions/node/v7.4.0/lib/node_modules/npm/lib/utils/lifecycle.js:279:16)
14 verbose stack     at emitTwo (events.js:106:13)
14 verbose stack     at EventEmitter.emit (events.js:191:7)
14 verbose stack     at ChildProcess.<anonymous> (/home/brandon/.nvm/versions/node/v7.4.0/lib/node_modules/npm/lib/utils/spawn.js:40:14)
14 verbose stack     at emitTwo (events.js:106:13)
14 verbose stack     at ChildProcess.emit (events.js:191:7)
14 verbose stack     at maybeClose (internal/child_process.js:885:16)
14 verbose stack     at Process.ChildProcess._handle.onexit (internal/child_process.js:226:5)
15 verbose pkgid rockman@0.0.0
16 verbose cwd /home/brandon/semibran/rockman
17 error Linux 4.4.0-43-generic
18 error argv "/home/brandon/.nvm/versions/node/v7.4.0/bin/node" "/home/brandon/.nvm/versions/node/v7.4.0/bin/npm" "start"
19 error node v7.4.0
20 error npm  v4.0.5
21 error code ELIFECYCLE
22 error rockman@0.0.0 start: `run-p serve watch`
22 error Exit status 1
23 error Failed at the rockman@0.0.0 start script 'run-p serve watch'.
23 error Make sure you have the latest version of node.js and npm installed.
23 error If you do, this is most likely a problem with the rockman package,
23 error not with npm itself.
23 error Tell the author that this fails on your system:
23 error     run-p serve watch
23 error You can get information on how to open an issue for this project with:
23 error     npm bugs rockman
23 error Or if that isn't available, you can get their info via:
23 error     npm owner ls rockman
23 error There is likely additional logging output above.
24 verbose exit [ 1, true ]
